<?xml version="1.0" encoding="UTF-8"?>
<!-- Generated by org.testng.reporters.JUnitReportReporter -->
<testsuite hostname="mq-pc" name="mq.data_driven_testing_demo.Script02" tests="3" failures="0" timestamp="14 Sep 2016 00:59:44 GMT" time="0.011" errors="0">
  <testcase name="test01" time="0.009" classname="mq.data_driven_testing_demo.Script02"/>
  <testcase name="test01" time="0.001" classname="mq.data_driven_testing_demo.Script02"/>
  <testcase name="test01" time="0.001" classname="mq.data_driven_testing_demo.Script02"/>
</testsuite> <!-- mq.data_driven_testing_demo.Script02 -->
