<?xml version="1.0" encoding="UTF-8"?>
<!-- Generated by org.testng.reporters.JUnitReportReporter -->
<testsuite hostname="mq-pc" name="mq.data_driven_testing_demo.Script01" tests="1" failures="0" timestamp="14 Sep 2016 00:20:45 GMT" time="0.538" errors="0">
  <testcase name="test_method01" time="0.538" classname="mq.data_driven_testing_demo.Script01"/>
</testsuite> <!-- mq.data_driven_testing_demo.Script01 -->
